0 info it worked if it ends with ok
1 verbose cli [ '/usr/local/bin/node', '/usr/local/bin/npm', 'start' ]
2 info using npm@3.8.6
3 info using node@v6.1.0
4 verbose run-script [ 'prestart', 'start', 'poststart' ]
5 info lifecycle api-server@0.0.0~prestart: api-server@0.0.0
6 silly lifecycle api-server@0.0.0~prestart: no script for prestart, continuing
7 info lifecycle api-server@0.0.0~start: api-server@0.0.0
8 verbose lifecycle api-server@0.0.0~start: unsafe-perm in lifecycle true
9 verbose lifecycle api-server@0.0.0~start: PATH: /usr/local/lib/node_modules/npm/bin/node-gyp-bin:/home/jamen/projects/soundcove/api-server/node_modules/.bin:/usr/local/bin:/home/jamen/bin:/usr/local/sbin:/usr/local/bin:/usr/sbin:/usr/bin:/sbin:/bin:/usr/games:/usr/local/games:/home/jamen/.npm-global/bin:/usr/local/go/bin:/home/jamen/Apps/depot_tools:/usr/local/texlive/2015/bin/x86_64-linux:/home/jamen/Documents/nsolid/nsolid-v1.2.0-linux-x64/bin:/home/jamen/Documents/nsolid/nsolid-v1.2.0-linux-x64/bin/etcd-v2.2.4-linux-amd64
10 verbose lifecycle api-server@0.0.0~start: CWD: /home/jamen/projects/soundcove/api-server
11 silly lifecycle api-server@0.0.0~start: Args: [ '-c', 'node lib/index.js' ]
12 silly lifecycle api-server@0.0.0~start: Returned: code: 1  signal: null
13 info lifecycle api-server@0.0.0~start: Failed to exec start script
14 verbose stack Error: api-server@0.0.0 start: `node lib/index.js`
14 verbose stack Exit status 1
14 verbose stack     at EventEmitter.<anonymous> (/usr/local/lib/node_modules/npm/lib/utils/lifecycle.js:239:16)
14 verbose stack     at emitTwo (events.js:106:13)
14 verbose stack     at EventEmitter.emit (events.js:191:7)
14 verbose stack     at ChildProcess.<anonymous> (/usr/local/lib/node_modules/npm/lib/utils/spawn.js:24:14)
14 verbose stack     at emitTwo (events.js:106:13)
14 verbose stack     at ChildProcess.emit (events.js:191:7)
14 verbose stack     at maybeClose (internal/child_process.js:850:16)
14 verbose stack     at Process.ChildProcess._handle.onexit (internal/child_process.js:215:5)
15 verbose pkgid api-server@0.0.0
16 verbose cwd /home/jamen/projects/soundcove/api-server
17 error Linux 3.16.0-38-generic
18 error argv "/usr/local/bin/node" "/usr/local/bin/npm" "start"
19 error node v6.1.0
20 error npm  v3.8.6
21 error code ELIFECYCLE
22 error api-server@0.0.0 start: `node lib/index.js`
22 error Exit status 1
23 error Failed at the api-server@0.0.0 start script 'node lib/index.js'.
23 error Make sure you have the latest version of node.js and npm installed.
23 error If you do, this is most likely a problem with the api-server package,
23 error not with npm itself.
23 error Tell the author that this fails on your system:
23 error     node lib/index.js
23 error You can get information on how to open an issue for this project with:
23 error     npm bugs api-server
23 error Or if that isn't available, you can get their info via:
23 error     npm owner ls api-server
23 error There is likely additional logging output above.
24 verbose exit [ 1, true ]
